<?xml version="1.0" encoding="UTF-8"?>
<!-- Generated by org.testng.reporters.JUnitReportReporter -->
<testsuite skipped="0" hostname="ManojKrishnan" name="com.ems.json_schema_validation.NetworkNtJsonSchemaValidation" tests="1" failures="0" timestamp="2022-08-16T14:20:42 IST" time="0.189" errors="0">
  <testcase name="validateJsonSchema" time="0.189" classname="com.ems.json_schema_validation.NetworkNtJsonSchemaValidation"/>
  <system-out/>
</testsuite> <!-- com.ems.json_schema_validation.NetworkNtJsonSchemaValidation -->
