<?xml version="1.0" encoding="UTF-8"?>
<!-- Generated by org.testng.reporters.JUnitReportReporter -->
<testsuite skipped="0" hostname="ManojKrishnan" name="com.ems.extra_concepts.Serialization" tests="1" failures="0" timestamp="2022-08-15T20:13:32 IST" time="3.733" errors="0">
  <testcase name="serilization" time="3.733" classname="com.ems.extra_concepts.Serialization"/>
  <system-out/>
</testsuite> <!-- com.ems.extra_concepts.Serialization -->
