<?xml version="1.0" encoding="UTF-8"?>
<!-- Generated by org.testng.reporters.JUnitReportReporter -->
<testsuite skipped="4" hostname="ManojKrishnan" name="com.ems.bdd_style.GetAllEmployees" tests="5" failures="0" timestamp="2022-08-15T20:09:52 IST" time="3.238" errors="0">
  <testcase name="createEmployeeFromJsonFile" time="3.238" classname="com.ems.bdd_style.GetAllEmployees"/>
  <system-out/>
  <testcase name="postMethod" classname="com.ems.bdd_style.GetAllEmployees">
    <skipped/>
  </testcase> <!-- postMethod -->
  <system-out/>
  <testcase name="putMethod" classname="com.ems.bdd_style.GetAllEmployees">
    <skipped/>
  </testcase> <!-- putMethod -->
  <system-out/>
  <testcase name="deleteMethod" classname="com.ems.bdd_style.GetAllEmployees">
    <skipped/>
  </testcase> <!-- deleteMethod -->
  <system-out/>
  <testcase name="getMethod" classname="com.ems.bdd_style.GetAllEmployees">
    <skipped/>
  </testcase> <!-- getMethod -->
  <system-out/>
</testsuite> <!-- com.ems.bdd_style.GetAllEmployees -->
