<?xml version="1.0" encoding="UTF-8"?>
<!-- Generated by org.testng.reporters.JUnitReportReporter -->
<testsuite skipped="3" hostname="ManojKrishnan" name="com.ems.non_bdd.GetAllEmployees" tests="4" failures="0" timestamp="2022-08-15T19:16:47 IST" time="3.255" errors="0">
  <testcase name="deleteMethod" time="3.255" classname="com.ems.non_bdd.GetAllEmployees"/>
  <system-out/>
  <testcase name="putMethod" classname="com.ems.non_bdd.GetAllEmployees">
    <skipped/>
  </testcase> <!-- putMethod -->
  <system-out/>
  <testcase name="postMethod" classname="com.ems.non_bdd.GetAllEmployees">
    <skipped/>
  </testcase> <!-- postMethod -->
  <system-out/>
  <testcase name="getMethod" classname="com.ems.non_bdd.GetAllEmployees">
    <skipped/>
  </testcase> <!-- getMethod -->
  <system-out/>
</testsuite> <!-- com.ems.non_bdd.GetAllEmployees -->
