<?xml version="1.0" encoding="UTF-8"?>
<!-- Generated by org.testng.reporters.JUnitReportReporter -->
<testsuite skipped="1" hostname="ManojKrishnan" name="com.ems.json_schema_validation.RestAssuredJsonSchemaValidation" tests="2" failures="0" timestamp="2022-08-16T12:09:24 IST" time="4.573" errors="0">
  <testcase name="validationUsingMatchesJsonSchema" time="4.573" classname="com.ems.json_schema_validation.RestAssuredJsonSchemaValidation"/>
  <system-out/>
  <testcase name="validationusingJsonSchemaInClassPath" classname="com.ems.json_schema_validation.RestAssuredJsonSchemaValidation">
    <skipped/>
  </testcase> <!-- validationusingJsonSchemaInClassPath -->
  <system-out/>
</testsuite> <!-- com.ems.json_schema_validation.RestAssuredJsonSchemaValidation -->
